<?xml version="1.0" encoding="UTF-8"?>
<!-- Generated by org.testng.reporters.JUnitXMLReporter -->
<testsuite hostname="DESKTOP-LSIEJKN" ignored="0" name="Report" tests="3" failures="0" timestamp="2020-12-11T15:30:19 CST" time="0.035" errors="0">
  <testcase name="test1" time="0.0" classname="com.auto.demo.TestReport"/>
  <testcase name="test2" time="0.0" classname="com.auto.demo.TestReport"/>
  <testcase name="test3" time="0.0" classname="com.auto.demo.TestReport"/>
</testsuite> <!-- Report -->
